Build started 6/8/2012 12:26:09 PM.
     1>Project "C:\Users\Alfred\Downloads\IITMSAT\Collection\VectorNav files\testing codes\FWLib\examples\Testing VN codes\Testing VN codes\Testing VN codes.vcxproj" on node 2 (build target(s)).
     1>InitializeBuildStatus:
         Touching "Debug\Testing VN codes.unsuccessfulbuild".
       ClCompile:
         C:\Program Files (x86)\Microsoft Visual Studio 10.0\VC\bin\CL.exe /c /ZI /nologo /W3 /WX- /Od /Oy- /D _MBCS /Gm /EHsc /RTC1 /MDd /GS /fp:precise /Zc:wchar_t /Zc:forScope /Fo"Debug\\" /Fd"Debug\vc100.pdb" /Gd /TC /analyze- /errorReport:prompt ..\..\main.c
         main.c
     1>c:\users\alfred\downloads\iitmsat\collection\vectornav files\testing codes\fwlib\examples\main.c(21): fatal error C1083: Cannot open include file: 'usb.h': No such file or directory
     1>Done Building Project "C:\Users\Alfred\Downloads\IITMSAT\Collection\VectorNav files\testing codes\FWLib\examples\Testing VN codes\Testing VN codes\Testing VN codes.vcxproj" (build target(s)) -- FAILED.

Build FAILED.

Time Elapsed 00:00:02.14
